  data.cpp
  fungYangCs301SimMain.cpp
C:\Dev\Visual Studio\cs301_Group_6\Level 1\FungYangCs301PacmanUseLib\fungYangCs301SimMain.cpp(72,18): warning C4305: 'initializing': truncation from 'double' to 'float'
C:\Dev\Visual Studio\cs301_Group_6\Level 1\FungYangCs301PacmanUseLib\fungYangCs301SimMain.cpp(75,17): warning C4305: '+=': truncation from 'double' to 'float'
C:\Dev\Visual Studio\cs301_Group_6\Level 1\FungYangCs301PacmanUseLib\fungYangCs301SimMain.cpp(82,17): warning C4305: '-=': truncation from 'double' to 'float'
C:\Dev\Visual Studio\cs301_Group_6\Level 1\FungYangCs301PacmanUseLib\fungYangCs301SimMain.cpp(95,25): warning C4305: '=': truncation from 'double' to 'float'
C:\Dev\Visual Studio\cs301_Group_6\Level 1\FungYangCs301PacmanUseLib\fungYangCs301SimMain.cpp(97,34): warning C4305: '=': truncation from 'double' to 'float'
C:\Dev\Visual Studio\cs301_Group_6\Level 1\FungYangCs301PacmanUseLib\fungYangCs301SimMain.cpp(157,22): warning C4244: 'initializing': conversion from 'double' to 'float', possible loss of data
C:\Dev\Visual Studio\cs301_Group_6\Level 1\FungYangCs301PacmanUseLib\fungYangCs301SimMain.cpp(184,84): warning C4244: 'argument': conversion from 'double' to 'float', possible loss of data
C:\Dev\Visual Studio\cs301_Group_6\Level 1\FungYangCs301PacmanUseLib\fungYangCs301SimMain.cpp(185,62): warning C4244: 'argument': conversion from 'double' to 'float', possible loss of data
C:\Dev\Visual Studio\cs301_Group_6\Level 1\FungYangCs301PacmanUseLib\fungYangCs301SimMain.cpp(189,85): warning C4244: 'argument': conversion from 'double' to 'float', possible loss of data
C:\Dev\Visual Studio\cs301_Group_6\Level 1\FungYangCs301PacmanUseLib\fungYangCs301SimMain.cpp(190,62): warning C4244: 'argument': conversion from 'double' to 'float', possible loss of data
C:\Dev\Visual Studio\cs301_Group_6\Level 1\FungYangCs301PacmanUseLib\fungYangCs301SimMain.cpp(194,85): warning C4244: 'argument': conversion from 'double' to 'float', possible loss of data
C:\Dev\Visual Studio\cs301_Group_6\Level 1\FungYangCs301PacmanUseLib\fungYangCs301SimMain.cpp(195,62): warning C4244: 'argument': conversion from 'double' to 'float', possible loss of data
C:\Dev\Visual Studio\cs301_Group_6\Level 1\FungYangCs301PacmanUseLib\fungYangCs301SimMain.cpp(199,83): warning C4244: 'argument': conversion from 'double' to 'float', possible loss of data
C:\Dev\Visual Studio\cs301_Group_6\Level 1\FungYangCs301PacmanUseLib\fungYangCs301SimMain.cpp(200,62): warning C4244: 'argument': conversion from 'double' to 'float', possible loss of data
C:\Dev\Visual Studio\cs301_Group_6\Level 1\FungYangCs301PacmanUseLib\fungYangCs301SimMain.cpp(205,56): warning C4244: 'argument': conversion from 'double' to 'float', possible loss of data
C:\Dev\Visual Studio\cs301_Group_6\Level 1\FungYangCs301PacmanUseLib\fungYangCs301SimMain.cpp(222,63): warning C4244: 'argument': conversion from 'double' to 'float', possible loss of data
C:\Dev\Visual Studio\cs301_Group_6\Level 1\FungYangCs301PacmanUseLib\fungYangCs301SimMain.cpp(232,62): warning C4305: 'argument': truncation from 'double' to 'float'
C:\Dev\Visual Studio\cs301_Group_6\Level 1\FungYangCs301PacmanUseLib\fungYangCs301SimMain.cpp(234,36): warning C4305: 'argument': truncation from 'double' to 'float'
C:\Dev\Visual Studio\cs301_Group_6\Level 1\FungYangCs301PacmanUseLib\fungYangCs301SimMain.cpp(240,63): warning C4305: 'argument': truncation from 'double' to 'float'
C:\Dev\Visual Studio\cs301_Group_6\Level 1\FungYangCs301PacmanUseLib\fungYangCs301SimMain.cpp(242,37): warning C4305: 'argument': truncation from 'double' to 'float'
C:\Dev\Visual Studio\cs301_Group_6\Level 1\FungYangCs301PacmanUseLib\fungYangCs301SimMain.cpp(246,57): warning C4244: 'argument': conversion from 'double' to 'float', possible loss of data
  pathFinder.cpp
  Generating code
  425 of 1109 functions (38.3%) were compiled, the rest were copied from previous compilation.
    16 functions were new in current compilation
    116 functions had inline decision re-evaluated but remain unchanged
  Finished generating code
FungYangCs301PacmenRobotSimGameLib.lib(gameManager.obj) : warning LNK4099: PDB 'FungYangCs301PacmenRobotSimGameLib.pdb' was not found with 'FungYangCs301PacmenRobotSimGameLib.lib(gameManager.obj)' or at 'C:\Dev\Visual Studio\cs301_Group_6\Level 1\Release\FungYangCs301PacmenRobotSimGameLib.pdb'; linking object as if no debug info
FungYangCs301PacmenRobotSimGameLib.lib(highPerformanceTimer.obj) : warning LNK4099: PDB 'FungYangCs301PacmenRobotSimGameLib.pdb' was not found with 'FungYangCs301PacmenRobotSimGameLib.lib(highPerformanceTimer.obj)' or at 'C:\Dev\Visual Studio\cs301_Group_6\Level 1\Release\FungYangCs301PacmenRobotSimGameLib.pdb'; linking object as if no debug info
FungYangCs301PacmenRobotSimGameLib.lib(mainFungGLAppEngin.obj) : warning LNK4099: PDB 'FungYangCs301PacmenRobotSimGameLib.pdb' was not found with 'FungYangCs301PacmenRobotSimGameLib.lib(mainFungGLAppEngin.obj)' or at 'C:\Dev\Visual Studio\cs301_Group_6\Level 1\Release\FungYangCs301PacmenRobotSimGameLib.pdb'; linking object as if no debug info
FungYangCs301PacmenRobotSimGameLib.lib(Geometry.obj) : warning LNK4099: PDB 'FungYangCs301PacmenRobotSimGameLib.pdb' was not found with 'FungYangCs301PacmenRobotSimGameLib.lib(Geometry.obj)' or at 'C:\Dev\Visual Studio\cs301_Group_6\Level 1\Release\FungYangCs301PacmenRobotSimGameLib.pdb'; linking object as if no debug info
FungYangCs301PacmenRobotSimGameLib.lib(my_GL_Draw_Funcs.obj) : warning LNK4099: PDB 'FungYangCs301PacmenRobotSimGameLib.pdb' was not found with 'FungYangCs301PacmenRobotSimGameLib.lib(my_GL_Draw_Funcs.obj)' or at 'C:\Dev\Visual Studio\cs301_Group_6\Level 1\Release\FungYangCs301PacmenRobotSimGameLib.pdb'; linking object as if no debug info
FungYangCs301PacmenRobotSimGameLib.lib(mazeGen.obj) : warning LNK4099: PDB 'FungYangCs301PacmenRobotSimGameLib.pdb' was not found with 'FungYangCs301PacmenRobotSimGameLib.lib(mazeGen.obj)' or at 'C:\Dev\Visual Studio\cs301_Group_6\Level 1\Release\FungYangCs301PacmenRobotSimGameLib.pdb'; linking object as if no debug info
FungYangCs301PacmenRobotSimGameLib.lib(AStarManager.obj) : warning LNK4099: PDB 'FungYangCs301PacmenRobotSimGameLib.pdb' was not found with 'FungYangCs301PacmenRobotSimGameLib.lib(AStarManager.obj)' or at 'C:\Dev\Visual Studio\cs301_Group_6\Level 1\Release\FungYangCs301PacmenRobotSimGameLib.pdb'; linking object as if no debug info
FungYangCs301PacmenRobotSimGameLib.lib(texture.obj) : warning LNK4099: PDB 'FungYangCs301PacmenRobotSimGameLib.pdb' was not found with 'FungYangCs301PacmenRobotSimGameLib.lib(texture.obj)' or at 'C:\Dev\Visual Studio\cs301_Group_6\Level 1\Release\FungYangCs301PacmenRobotSimGameLib.pdb'; linking object as if no debug info
FungYangCs301PacmenRobotSimGameLib.lib(Lighting.obj) : warning LNK4099: PDB 'FungYangCs301PacmenRobotSimGameLib.pdb' was not found with 'FungYangCs301PacmenRobotSimGameLib.lib(Lighting.obj)' or at 'C:\Dev\Visual Studio\cs301_Group_6\Level 1\Release\FungYangCs301PacmenRobotSimGameLib.pdb'; linking object as if no debug info
FungYangCs301PacmenRobotSimGameLib.lib(Utilities.obj) : warning LNK4099: PDB 'FungYangCs301PacmenRobotSimGameLib.pdb' was not found with 'FungYangCs301PacmenRobotSimGameLib.lib(Utilities.obj)' or at 'C:\Dev\Visual Studio\cs301_Group_6\Level 1\Release\FungYangCs301PacmenRobotSimGameLib.pdb'; linking object as if no debug info
FungYangCs301PacmenRobotSimGameLib.lib(PathFinder.obj) : warning LNK4099: PDB 'FungYangCs301PacmenRobotSimGameLib.pdb' was not found with 'FungYangCs301PacmenRobotSimGameLib.lib(PathFinder.obj)' or at 'C:\Dev\Visual Studio\cs301_Group_6\Level 1\Release\FungYangCs301PacmenRobotSimGameLib.pdb'; linking object as if no debug info
  FungYangCs301PacmanUseLib.vcxproj -> C:\Dev\Visual Studio\cs301_Group_6\Level 1\Release\FungYangCs301PacmanUseLib.exe
